# JRE version: OpenJDK Runtime Environment Temurin-21.0.7+6 (21.0.7+6) (build 21.0.7+6-LTS)
# Java VM: OpenJDK 64-Bit Server VM Temurin-21.0.7+6 (21.0.7+6-LTS, mixed mode, sharing, tiered, compressed oops, compressed class ptrs, parallel gc, windows-amd64)
GC Precious Log:
 CardTable entry size: 512
 CPUs: 4 total, 4 available
 Memory: 4017M
 Large Page Support: Disabled
 NUMA Support: Disabled
 Compressed Oops: Enabled (32-bit)
 Alignments: Space 512K, Generation 512K, Heap 2M
 Heap Min Capacity: 100M
 Heap Initial Capacity: 100M
 Heap Max Capacity: 1G
 Pre-touch: Disabled
 Parallel Workers: 4
Heap:
 PSYoungGen      total 22528K, used 16524K [0x00000000eab00000, 0x00000000ec300000, 0x0000000100000000)
  eden space 20992K, 73% used [0x00000000eab00000,0x00000000eba1b178,0x00000000ebf80000)
  from space 1536K, 68% used [0x00000000ec180000,0x00000000ec288000,0x00000000ec300000)
  to   space 1536K, 0% used [0x00000000ec000000,0x00000000ec000000,0x00000000ec180000)
 ParOldGen       total 68608K, used 35616K [0x00000000c0000000, 0x00000000c4300000, 0x00000000eab00000)
  object space 68608K, 51% used [0x00000000c0000000,0x00000000c22c8120,0x00000000c4300000)
 Metaspace       used 45638K, committed 46720K, reserved 1114112K
  class space    used 4356K, committed 4864K, reserved 1048576K
GC Heap History (20 events):
Event: 34.840 GC heap before
{Heap before GC invocations=19 (full 1):
 PSYoungGen      total 23040K, used 12389K [0x00000000eab00000, 0x00000000ec480000, 0x0000000100000000)
  eden space 20992K, 49% used [0x00000000eab00000,0x00000000eb51a0e8,0x00000000ebf80000)
  from space 2048K, 99% used [0x00000000ec000000,0x00000000ec1ff438,0x00000000ec200000)
  to   space 2560K, 0% used [0x00000000ec200000,0x00000000ec200000,0x00000000ec480000)
 ParOldGen       total 68608K, used 28397K [0x00000000c0000000, 0x00000000c4300000, 0x00000000eab00000)
  object space 68608K, 41% used [0x00000000c0000000,0x00000000c1bbb620,0x00000000c4300000)
 Metaspace       used 34836K, committed 35840K, reserved 1114112K
  class space    used 3453K, committed 3904K, reserved 1048576K
}
Event: 34.844 GC heap after
{Heap after GC invocations=19 (full 1):
 PSYoungGen      total 22016K, used 672K [0x00000000eab00000, 0x00000000ec300000, 0x0000000100000000)
  eden space 20992K, 0% used [0x00000000eab00000,0x00000000eab00000,0x00000000ebf80000)
  from space 1024K, 65% used [0x00000000ec200000,0x00000000ec2a8270,0x00000000ec300000)
  to   space 1536K, 0% used [0x00000000ec000000,0x00000000ec000000,0x00000000ec180000)
 ParOldGen       total 68608K, used 29939K [0x00000000c0000000, 0x00000000c4300000, 0x00000000eab00000)
  object space 68608K, 43% used [0x00000000c0000000,0x00000000c1d3cc20,0x00000000c4300000)
 Metaspace       used 34836K, committed 35840K, reserved 1114112K
  class space    used 3453K, committed 3904K, reserved 1048576K
}
Event: 34.844 GC heap before
{Heap before GC invocations=20 (full 2):
 PSYoungGen      total 22016K, used 672K [0x00000000eab00000, 0x00000000ec300000, 0x0000000100000000)
  eden space 20992K, 0% used [0x00000000eab00000,0x00000000eab00000,0x00000000ebf80000)
  from space 1024K, 65% used [0x00000000ec200000,0x00000000ec2a8270,0x00000000ec300000)
  to   space 1536K, 0% used [0x00000000ec000000,0x00000000ec000000,0x00000000ec180000)
 ParOldGen       total 68608K, used 29939K [0x00000000c0000000, 0x00000000c4300000, 0x00000000eab00000)
  object space 68608K, 43% used [0x00000000c0000000,0x00000000c1d3cc20,0x00000000c4300000)
 Metaspace       used 34836K, committed 35840K, reserved 1114112K
  class space    used 3453K, committed 3904K, reserved 1048576K
}
Event: 34.988 GC heap after
{Heap after GC invocations=20 (full 2):
 PSYoungGen      total 22016K, used 0K [0x00000000eab00000, 0x00000000ec300000, 0x0000000100000000)
  eden space 20992K, 0% used [0x00000000eab00000,0x00000000eab00000,0x00000000ebf80000)
  from space 1024K, 0% used [0x00000000ec200000,0x00000000ec200000,0x00000000ec300000)
  to   space 1536K, 0% used [0x00000000ec000000,0x00000000ec000000,0x00000000ec180000)
 ParOldGen       total 68608K, used 28601K [0x00000000c0000000, 0x00000000c4300000, 0x00000000eab00000)
  object space 68608K, 41% used [0x00000000c0000000,0x00000000c1bee638,0x00000000c4300000)
 Metaspace       used 34725K, committed 35840K, reserved 1114112K
  class space    used 3421K, committed 3904K, reserved 1048576K
}
Event: 35.902 GC heap before
{Heap before GC invocations=21 (full 2):
 PSYoungGen      total 22016K, used 20992K [0x00000000eab00000, 0x00000000ec300000, 0x0000000100000000)
  eden space 20992K, 100% used [0x00000000eab00000,0x00000000ebf80000,0x00000000ebf80000)
  from space 1024K, 0% used [0x00000000ec200000,0x00000000ec200000,0x00000000ec300000)
  to   space 1536K, 0% used [0x00000000ec000000,0x00000000ec000000,0x00000000ec180000)
 ParOldGen       total 68608K, used 28601K [0x00000000c0000000, 0x00000000c4300000, 0x00000000eab00000)
  object space 68608K, 41% used [0x00000000c0000000,0x00000000c1bee638,0x00000000c4300000)
 Metaspace       used 35640K, committed 36672K, reserved 1114112K
  class space    used 3533K, committed 3968K, reserved 1048576K
}
Event: 35.906 GC heap after
{Heap after GC invocations=21 (full 2):
 PSYoungGen      total 22528K, used 1240K [0x00000000eab00000, 0x00000000ec280000, 0x0000000100000000)
  eden space 20992K, 0% used [0x00000000eab00000,0x00000000eab00000,0x00000000ebf80000)
  from space 1536K, 80% used [0x00000000ec000000,0x00000000ec136360,0x00000000ec180000)
  to   space 1024K, 0% used [0x00000000ec180000,0x00000000ec180000,0x00000000ec280000)
 ParOldGen       total 68608K, used 28609K [0x00000000c0000000, 0x00000000c4300000, 0x00000000eab00000)
  object space 68608K, 41% used [0x00000000c0000000,0x00000000c1bf0638,0x00000000c4300000)
 Metaspace       used 35640K, committed 36672K, reserved 1114112K
  class space    used 3533K, committed 3968K, reserved 1048576K
}
Event: 36.212 GC heap before
{Heap before GC invocations=22 (full 2):
 PSYoungGen      total 22528K, used 22232K [0x00000000eab00000, 0x00000000ec280000, 0x0000000100000000)
  eden space 20992K, 100% used [0x00000000eab00000,0x00000000ebf80000,0x00000000ebf80000)
  from space 1536K, 80% used [0x00000000ec000000,0x00000000ec136360,0x00000000ec180000)
  to   space 1024K, 0% used [0x00000000ec180000,0x00000000ec180000,0x00000000ec280000)
 ParOldGen       total 68608K, used 28609K [0x00000000c0000000, 0x00000000c4300000, 0x00000000eab00000)
  object space 68608K, 41% used [0x00000000c0000000,0x00000000c1bf0638,0x00000000c4300000)
 Metaspace       used 35890K, committed 36864K, reserved 1114112K
  class space    used 3541K, committed 3968K, reserved 1048576K
}
Event: 36.213 GC heap after
{Heap after GC invocations=22 (full 2):
 PSYoungGen      total 21504K, used 128K [0x00000000eab00000, 0x00000000ec200000, 0x0000000100000000)
  eden space 20992K, 0% used [0x00000000eab00000,0x00000000eab00000,0x00000000ebf80000)
  from space 512K, 25% used [0x00000000ec180000,0x00000000ec1a0000,0x00000000ec200000)
  to   space 1024K, 0% used [0x00000000ec000000,0x00000000ec000000,0x00000000ec100000)
 ParOldGen       total 68608K, used 28929K [0x00000000c0000000, 0x00000000c4300000, 0x00000000eab00000)
  object space 68608K, 42% used [0x00000000c0000000,0x00000000c1c40640,0x00000000c4300000)
 Metaspace       used 35890K, committed 36864K, reserved 1114112K
  class space    used 3541K, committed 3968K, reserved 1048576K
}
Event: 38.188 GC heap before
{Heap before GC invocations=23 (full 2):
 PSYoungGen      total 21504K, used 21120K [0x00000000eab00000, 0x00000000ec200000, 0x0000000100000000)
  eden space 20992K, 100% used [0x00000000eab00000,0x00000000ebf80000,0x00000000ebf80000)
  from space 512K, 25% used [0x00000000ec180000,0x00000000ec1a0000,0x00000000ec200000)
  to   space 1024K, 0% used [0x00000000ec000000,0x00000000ec000000,0x00000000ec100000)
 ParOldGen       total 68608K, used 28929K [0x00000000c0000000, 0x00000000c4300000, 0x00000000eab00000)
  object space 68608K, 42% used [0x00000000c0000000,0x00000000c1c40640,0x00000000c4300000)
 Metaspace       used 37785K, committed 38720K, reserved 1114112K
  class space    used 3727K, committed 4160K, reserved 1048576K
}
Event: 38.191 GC heap after
{Heap after GC invocations=23 (full 2):
 PSYoungGen      total 22016K, used 416K [0x00000000eab00000, 0x00000000ec200000, 0x0000000100000000)
  eden space 20992K, 0% used [0x00000000eab00000,0x00000000eab00000,0x00000000ebf80000)
  from space 1024K, 40% used [0x00000000ec000000,0x00000000ec068010,0x00000000ec100000)
  to   space 512K, 0% used [0x00000000ec180000,0x00000000ec180000,0x00000000ec200000)
 ParOldGen       total 68608K, used 28953K [0x00000000c0000000, 0x00000000c4300000, 0x00000000eab00000)
  object space 68608K, 42% used [0x00000000c0000000,0x00000000c1c46640,0x00000000c4300000)
 Metaspace       used 37785K, committed 38720K, reserved 1114112K
  class space    used 3727K, committed 4160K, reserved 1048576K
}
Event: 40.119 GC heap before
{Heap before GC invocations=24 (full 2):
 PSYoungGen      total 22016K, used 21408K [0x00000000eab00000, 0x00000000ec200000, 0x0000000100000000)
  eden space 20992K, 100% used [0x00000000eab00000,0x00000000ebf80000,0x00000000ebf80000)
  from space 1024K, 40% used [0x00000000ec000000,0x00000000ec068010,0x00000000ec100000)
  to   space 512K, 0% used [0x00000000ec180000,0x00000000ec180000,0x00000000ec200000)
 ParOldGen       total 68608K, used 28953K [0x00000000c0000000, 0x00000000c4300000, 0x00000000eab00000)
  object space 68608K, 42% used [0x00000000c0000000,0x00000000c1c46640,0x00000000c4300000)
 Metaspace       used 39533K, committed 40448K, reserved 1114112K
  class space    used 3886K, committed 4288K, reserved 1048576K
}
Event: 40.122 GC heap after
{Heap after GC invocations=24 (full 2):
 PSYoungGen      total 21504K, used 512K [0x00000000eab00000, 0x00000000ec200000, 0x0000000100000000)
  eden space 20992K, 0% used [0x00000000eab00000,0x00000000eab00000,0x00000000ebf80000)
  from space 512K, 100% used [0x00000000ec180000,0x00000000ec200000,0x00000000ec200000)
  to   space 1024K, 0% used [0x00000000ec000000,0x00000000ec000000,0x00000000ec100000)
 ParOldGen       total 68608K, used 29249K [0x00000000c0000000, 0x00000000c4300000, 0x00000000eab00000)
  object space 68608K, 42% used [0x00000000c0000000,0x00000000c1c90640,0x00000000c4300000)
 Metaspace       used 39533K, committed 40448K, reserved 1114112K
  class space    used 3886K, committed 4288K, reserved 1048576K
}
Event: 41.087 GC heap before
{Heap before GC invocations=25 (full 2):
 PSYoungGen      total 21504K, used 21504K [0x00000000eab00000, 0x00000000ec200000, 0x0000000100000000)
  eden space 20992K, 100% used [0x00000000eab00000,0x00000000ebf80000,0x00000000ebf80000)
  from space 512K, 100% used [0x00000000ec180000,0x00000000ec200000,0x00000000ec200000)
  to   space 1024K, 0% used [0x00000000ec000000,0x00000000ec000000,0x00000000ec100000)
 ParOldGen       total 68608K, used 29249K [0x00000000c0000000, 0x00000000c4300000, 0x00000000eab00000)
  object space 68608K, 42% used [0x00000000c0000000,0x00000000c1c90640,0x00000000c4300000)
 Metaspace       used 41845K, committed 42880K, reserved 1114112K
  class space    used 4105K, committed 4608K, reserved 1048576K
}
Event: 41.092 GC heap after
{Heap after GC invocations=25 (full 2):
 PSYoungGen      total 22016K, used 1001K [0x00000000eab00000, 0x00000000ec680000, 0x0000000100000000)
  eden space 20992K, 0% used [0x00000000eab00000,0x00000000eab00000,0x00000000ebf80000)
  from space 1024K, 97% used [0x00000000ec000000,0x00000000ec0fa488,0x00000000ec100000)
  to   space 3584K, 0% used [0x00000000ec300000,0x00000000ec300000,0x00000000ec680000)
 ParOldGen       total 68608K, used 31072K [0x00000000c0000000, 0x00000000c4300000, 0x00000000eab00000)
  object space 68608K, 45% used [0x00000000c0000000,0x00000000c1e580b8,0x00000000c4300000)
 Metaspace       used 41845K, committed 42880K, reserved 1114112K
  class space    used 4105K, committed 4608K, reserved 1048576K
}
Event: 42.789 GC heap before
{Heap before GC invocations=26 (full 2):
 PSYoungGen      total 22016K, used 21993K [0x00000000eab00000, 0x00000000ec680000, 0x0000000100000000)
  eden space 20992K, 100% used [0x00000000eab00000,0x00000000ebf80000,0x00000000ebf80000)
  from space 1024K, 97% used [0x00000000ec000000,0x00000000ec0fa488,0x00000000ec100000)
  to   space 3584K, 0% used [0x00000000ec300000,0x00000000ec300000,0x00000000ec680000)
 ParOldGen       total 68608K, used 31072K [0x00000000c0000000, 0x00000000c4300000, 0x00000000eab00000)
  object space 68608K, 45% used [0x00000000c0000000,0x00000000c1e580d8,0x00000000c4300000)
 Metaspace       used 43333K, committed 44352K, reserved 1114112K
  class space    used 4204K, committed 4672K, reserved 1048576K
}
Event: 42.795 GC heap after
{Heap after GC invocations=26 (full 2):
 PSYoungGen      total 24064K, used 2590K [0x00000000eab00000, 0x00000000ec600000, 0x0000000100000000)
  eden space 20992K, 0% used [0x00000000eab00000,0x00000000eab00000,0x00000000ebf80000)
  from space 3072K, 84% used [0x00000000ec300000,0x00000000ec5879c8,0x00000000ec600000)
  to   space 3072K, 0% used [0x00000000ec000000,0x00000000ec000000,0x00000000ec300000)
 ParOldGen       total 68608K, used 31993K [0x00000000c0000000, 0x00000000c4300000, 0x00000000eab00000)
  object space 68608K, 46% used [0x00000000c0000000,0x00000000c1f3e758,0x00000000c4300000)
 Metaspace       used 43333K, committed 44352K, reserved 1114112K
  class space    used 4204K, committed 4672K, reserved 1048576K
}
Event: 44.954 GC heap before
{Heap before GC invocations=27 (full 2):
 PSYoungGen      total 24064K, used 23582K [0x00000000eab00000, 0x00000000ec600000, 0x0000000100000000)
  eden space 20992K, 100% used [0x00000000eab00000,0x00000000ebf80000,0x00000000ebf80000)
  from space 3072K, 84% used [0x00000000ec300000,0x00000000ec5879c8,0x00000000ec600000)
  to   space 3072K, 0% used [0x00000000ec000000,0x00000000ec000000,0x00000000ec300000)
 ParOldGen       total 68608K, used 31995K [0x00000000c0000000, 0x00000000c4300000, 0x00000000eab00000)
  object space 68608K, 46% used [0x00000000c0000000,0x00000000c1f3ef00,0x00000000c4300000)
 Metaspace       used 44368K, committed 45440K, reserved 1114112K
  class space    used 4252K, committed 4736K, reserved 1048576K
}
Event: 44.964 GC heap after
{Heap after GC invocations=27 (full 2):
 PSYoungGen      total 22528K, used 1383K [0x00000000eab00000, 0x00000000ec380000, 0x0000000100000000)
  eden space 20992K, 0% used [0x00000000eab00000,0x00000000eab00000,0x00000000ebf80000)
  from space 1536K, 90% used [0x00000000ec000000,0x00000000ec159e78,0x00000000ec180000)
  to   space 2048K, 0% used [0x00000000ec180000,0x00000000ec180000,0x00000000ec380000)
 ParOldGen       total 68608K, used 34379K [0x00000000c0000000, 0x00000000c4300000, 0x00000000eab00000)
  object space 68608K, 50% used [0x00000000c0000000,0x00000000c2192d88,0x00000000c4300000)
 Metaspace       used 44368K, committed 45440K, reserved 1114112K
  class space    used 4252K, committed 4736K, reserved 1048576K
}
Event: 122.561 GC heap before
{Heap before GC invocations=28 (full 2):
 PSYoungGen      total 22528K, used 22375K [0x00000000eab00000, 0x00000000ec380000, 0x0000000100000000)
  eden space 20992K, 100% used [0x00000000eab00000,0x00000000ebf80000,0x00000000ebf80000)
  from space 1536K, 90% used [0x00000000ec000000,0x00000000ec159e78,0x00000000ec180000)
  to   space 2048K, 0% used [0x00000000ec180000,0x00000000ec180000,0x00000000ec380000)
 ParOldGen       total 68608K, used 34379K [0x00000000c0000000, 0x00000000c4300000, 0x00000000eab00000)
  object space 68608K, 50% used [0x00000000c0000000,0x00000000c2192d88,0x00000000c4300000)
 Metaspace       used 45409K, committed 46464K, reserved 1114112K
  class space    used 4339K, committed 4800K, reserved 1048576K
}
Event: 122.692 GC heap after
{Heap after GC invocations=28 (full 2):
 PSYoungGen      total 22528K, used 1056K [0x00000000eab00000, 0x00000000ec300000, 0x0000000100000000)
  eden space 20992K, 0% used [0x00000000eab00000,0x00000000eab00000,0x00000000ebf80000)
  from space 1536K, 68% used [0x00000000ec180000,0x00000000ec288000,0x00000000ec300000)
  to   space 1536K, 0% used [0x00000000ec000000,0x00000000ec000000,0x00000000ec180000)
 ParOldGen       total 68608K, used 35616K [0x00000000c0000000, 0x00000000c4300000, 0x00000000eab00000)
  object space 68608K, 51% used [0x00000000c0000000,0x00000000c22c8120,0x00000000c4300000)
 Metaspace       used 45409K, committed 46464K, reserved 1114112K
  class space    used 4339K, committed 4800K, reserved 1048576K
}

