# JRE version: OpenJDK Runtime Environment Temurin-21.0.7+6 (21.0.7+6) (build 21.0.7+6-LTS)
# Java VM: OpenJDK 64-Bit Server VM Temurin-21.0.7+6 (21.0.7+6-LTS, mixed mode, sharing, tiered, compressed oops, compressed class ptrs, parallel gc, windows-amd64)
GC Precious Log:
 CardTable entry size: 512
 CPUs: 4 total, 4 available
 Memory: 4017M
 Large Page Support: Disabled
 NUMA Support: Disabled
 Compressed Oops: Enabled (32-bit)
 Alignments: Space 512K, Generation 512K, Heap 2M
 Heap Min Capacity: 100M
 Heap Initial Capacity: 100M
 Heap Max Capacity: 1G
 Pre-touch: Disabled
 Parallel Workers: 4
Heap:
 PSYoungGen      total 2048K, used 1183K [0x00000000eab00000, 0x00000000eae80000, 0x0000000100000000)
  eden space 1536K, 62% used [0x00000000eab00000,0x00000000eabefc10,0x00000000eac80000)
  from space 512K, 43% used [0x00000000ead80000,0x00000000eadb8000,0x00000000eae00000)
  to   space 512K, 0% used [0x00000000eae00000,0x00000000eae00000,0x00000000eae80000)
 ParOldGen       total 615936K, used 615704K [0x00000000c0000000, 0x00000000e5980000, 0x00000000eab00000)
  object space 615936K, 99% used [0x00000000c0000000,0x00000000e5946048,0x00000000e5980000)
 Metaspace       used 67916K, committed 69376K, reserved 1114112K
  class space    used 6927K, committed 7552K, reserved 1048576K
GC Heap History (20 events):
Event: 132.944 GC heap before
{Heap before GC invocations=1140 (full 3):
 PSYoungGen      total 2048K, used 1792K [0x00000000eab00000, 0x00000000eae80000, 0x0000000100000000)
  eden space 1536K, 100% used [0x00000000eab00000,0x00000000eac80000,0x00000000eac80000)
  from space 512K, 50% used [0x00000000eae00000,0x00000000eae40000,0x00000000eae80000)
  to   space 512K, 0% used [0x00000000ead80000,0x00000000ead80000,0x00000000eae00000)
 ParOldGen       total 613888K, used 613808K [0x00000000c0000000, 0x00000000e5780000, 0x00000000eab00000)
  object space 613888K, 99% used [0x00000000c0000000,0x00000000e576c048,0x00000000e5780000)
 Metaspace       used 67916K, committed 69376K, reserved 1114112K
  class space    used 6927K, committed 7552K, reserved 1048576K
}
Event: 132.946 GC heap after
{Heap after GC invocations=1140 (full 3):
 PSYoungGen      total 2048K, used 224K [0x00000000eab00000, 0x00000000eae80000, 0x0000000100000000)
  eden space 1536K, 0% used [0x00000000eab00000,0x00000000eab00000,0x00000000eac80000)
  from space 512K, 43% used [0x00000000ead80000,0x00000000eadb8000,0x00000000eae00000)
  to   space 512K, 0% used [0x00000000eae00000,0x00000000eae00000,0x00000000eae80000)
 ParOldGen       total 614400K, used 613992K [0x00000000c0000000, 0x00000000e5800000, 0x00000000eab00000)
  object space 614400K, 99% used [0x00000000c0000000,0x00000000e579a048,0x00000000e5800000)
 Metaspace       used 67916K, committed 69376K, reserved 1114112K
  class space    used 6927K, committed 7552K, reserved 1048576K
}
Event: 132.964 GC heap before
{Heap before GC invocations=1141 (full 3):
 PSYoungGen      total 2048K, used 1750K [0x00000000eab00000, 0x00000000eae80000, 0x0000000100000000)
  eden space 1536K, 99% used [0x00000000eab00000,0x00000000eac7daf8,0x00000000eac80000)
  from space 512K, 43% used [0x00000000ead80000,0x00000000eadb8000,0x00000000eae00000)
  to   space 512K, 0% used [0x00000000eae00000,0x00000000eae00000,0x00000000eae80000)
 ParOldGen       total 614400K, used 613992K [0x00000000c0000000, 0x00000000e5800000, 0x00000000eab00000)
  object space 614400K, 99% used [0x00000000c0000000,0x00000000e579a048,0x00000000e5800000)
 Metaspace       used 67916K, committed 69376K, reserved 1114112K
  class space    used 6927K, committed 7552K, reserved 1048576K
}
Event: 132.966 GC heap after
{Heap after GC invocations=1141 (full 3):
 PSYoungGen      total 2048K, used 274K [0x00000000eab00000, 0x00000000eae80000, 0x0000000100000000)
  eden space 1536K, 0% used [0x00000000eab00000,0x00000000eab00000,0x00000000eac80000)
  from space 512K, 53% used [0x00000000eae00000,0x00000000eae44950,0x00000000eae80000)
  to   space 512K, 0% used [0x00000000ead80000,0x00000000ead80000,0x00000000eae00000)
 ParOldGen       total 614400K, used 614160K [0x00000000c0000000, 0x00000000e5800000, 0x00000000eab00000)
  object space 614400K, 99% used [0x00000000c0000000,0x00000000e57c4048,0x00000000e5800000)
 Metaspace       used 67916K, committed 69376K, reserved 1114112K
  class space    used 6927K, committed 7552K, reserved 1048576K
}
Event: 133.043 GC heap before
{Heap before GC invocations=1142 (full 3):
 PSYoungGen      total 2048K, used 1810K [0x00000000eab00000, 0x00000000eae80000, 0x0000000100000000)
  eden space 1536K, 100% used [0x00000000eab00000,0x00000000eac80000,0x00000000eac80000)
  from space 512K, 53% used [0x00000000eae00000,0x00000000eae44950,0x00000000eae80000)
  to   space 512K, 0% used [0x00000000ead80000,0x00000000ead80000,0x00000000eae00000)
 ParOldGen       total 614400K, used 614160K [0x00000000c0000000, 0x00000000e5800000, 0x00000000eab00000)
  object space 614400K, 99% used [0x00000000c0000000,0x00000000e57c4048,0x00000000e5800000)
 Metaspace       used 67916K, committed 69376K, reserved 1114112K
  class space    used 6927K, committed 7552K, reserved 1048576K
}
Event: 133.047 GC heap after
{Heap after GC invocations=1142 (full 3):
 PSYoungGen      total 2048K, used 288K [0x00000000eab00000, 0x00000000eae80000, 0x0000000100000000)
  eden space 1536K, 0% used [0x00000000eab00000,0x00000000eab00000,0x00000000eac80000)
  from space 512K, 56% used [0x00000000ead80000,0x00000000eadc8000,0x00000000eae00000)
  to   space 512K, 0% used [0x00000000eae00000,0x00000000eae00000,0x00000000eae80000)
 ParOldGen       total 614400K, used 614336K [0x00000000c0000000, 0x00000000e5800000, 0x00000000eab00000)
  object space 614400K, 99% used [0x00000000c0000000,0x00000000e57f0048,0x00000000e5800000)
 Metaspace       used 67916K, committed 69376K, reserved 1114112K
  class space    used 6927K, committed 7552K, reserved 1048576K
}
Event: 133.082 GC heap before
{Heap before GC invocations=1143 (full 3):
 PSYoungGen      total 2048K, used 1823K [0x00000000eab00000, 0x00000000eae80000, 0x0000000100000000)
  eden space 1536K, 99% used [0x00000000eab00000,0x00000000eac7fcb0,0x00000000eac80000)
  from space 512K, 56% used [0x00000000ead80000,0x00000000eadc8000,0x00000000eae00000)
  to   space 512K, 0% used [0x00000000eae00000,0x00000000eae00000,0x00000000eae80000)
 ParOldGen       total 614400K, used 614336K [0x00000000c0000000, 0x00000000e5800000, 0x00000000eab00000)
  object space 614400K, 99% used [0x00000000c0000000,0x00000000e57f0048,0x00000000e5800000)
 Metaspace       used 67916K, committed 69376K, reserved 1114112K
  class space    used 6927K, committed 7552K, reserved 1048576K
}
Event: 133.085 GC heap after
{Heap after GC invocations=1143 (full 3):
 PSYoungGen      total 2048K, used 256K [0x00000000eab00000, 0x00000000eae80000, 0x0000000100000000)
  eden space 1536K, 0% used [0x00000000eab00000,0x00000000eab00000,0x00000000eac80000)
  from space 512K, 50% used [0x00000000eae00000,0x00000000eae40000,0x00000000eae80000)
  to   space 512K, 0% used [0x00000000ead80000,0x00000000ead80000,0x00000000eae00000)
 ParOldGen       total 614912K, used 614528K [0x00000000c0000000, 0x00000000e5880000, 0x00000000eab00000)
  object space 614912K, 99% used [0x00000000c0000000,0x00000000e5820048,0x00000000e5880000)
 Metaspace       used 67916K, committed 69376K, reserved 1114112K
  class space    used 6927K, committed 7552K, reserved 1048576K
}
Event: 133.109 GC heap before
{Heap before GC invocations=1144 (full 3):
 PSYoungGen      total 2048K, used 1791K [0x00000000eab00000, 0x00000000eae80000, 0x0000000100000000)
  eden space 1536K, 99% used [0x00000000eab00000,0x00000000eac7ffd8,0x00000000eac80000)
  from space 512K, 50% used [0x00000000eae00000,0x00000000eae40000,0x00000000eae80000)
  to   space 512K, 0% used [0x00000000ead80000,0x00000000ead80000,0x00000000eae00000)
 ParOldGen       total 614912K, used 614528K [0x00000000c0000000, 0x00000000e5880000, 0x00000000eab00000)
  object space 614912K, 99% used [0x00000000c0000000,0x00000000e5820048,0x00000000e5880000)
 Metaspace       used 67916K, committed 69376K, reserved 1114112K
  class space    used 6927K, committed 7552K, reserved 1048576K
}
Event: 133.112 GC heap after
{Heap after GC invocations=1144 (full 3):
 PSYoungGen      total 2048K, used 224K [0x00000000eab00000, 0x00000000eae80000, 0x0000000100000000)
  eden space 1536K, 0% used [0x00000000eab00000,0x00000000eab00000,0x00000000eac80000)
  from space 512K, 43% used [0x00000000ead80000,0x00000000eadb8000,0x00000000eae00000)
  to   space 512K, 0% used [0x00000000eae00000,0x00000000eae00000,0x00000000eae80000)
 ParOldGen       total 614912K, used 614696K [0x00000000c0000000, 0x00000000e5880000, 0x00000000eab00000)
  object space 614912K, 99% used [0x00000000c0000000,0x00000000e584a048,0x00000000e5880000)
 Metaspace       used 67916K, committed 69376K, reserved 1114112K
  class space    used 6927K, committed 7552K, reserved 1048576K
}
Event: 133.169 GC heap before
{Heap before GC invocations=1145 (full 3):
 PSYoungGen      total 2048K, used 1760K [0x00000000eab00000, 0x00000000eae80000, 0x0000000100000000)
  eden space 1536K, 100% used [0x00000000eab00000,0x00000000eac80000,0x00000000eac80000)
  from space 512K, 43% used [0x00000000ead80000,0x00000000eadb8000,0x00000000eae00000)
  to   space 512K, 0% used [0x00000000eae00000,0x00000000eae00000,0x00000000eae80000)
 ParOldGen       total 614912K, used 614696K [0x00000000c0000000, 0x00000000e5880000, 0x00000000eab00000)
  object space 614912K, 99% used [0x00000000c0000000,0x00000000e584a048,0x00000000e5880000)
 Metaspace       used 67916K, committed 69376K, reserved 1114112K
  class space    used 6927K, committed 7552K, reserved 1048576K
}
Event: 133.176 GC heap after
{Heap after GC invocations=1145 (full 3):
 PSYoungGen      total 2048K, used 300K [0x00000000eab00000, 0x00000000eae80000, 0x0000000100000000)
  eden space 1536K, 0% used [0x00000000eab00000,0x00000000eab00000,0x00000000eac80000)
  from space 512K, 58% used [0x00000000eae00000,0x00000000eae4b258,0x00000000eae80000)
  to   space 512K, 0% used [0x00000000ead80000,0x00000000ead80000,0x00000000eae00000)
 ParOldGen       total 614912K, used 614872K [0x00000000c0000000, 0x00000000e5880000, 0x00000000eab00000)
  object space 614912K, 99% used [0x00000000c0000000,0x00000000e5876048,0x00000000e5880000)
 Metaspace       used 67916K, committed 69376K, reserved 1114112K
  class space    used 6927K, committed 7552K, reserved 1048576K
}
Event: 133.197 GC heap before
{Heap before GC invocations=1146 (full 3):
 PSYoungGen      total 2048K, used 1824K [0x00000000eab00000, 0x00000000eae80000, 0x0000000100000000)
  eden space 1536K, 99% used [0x00000000eab00000,0x00000000eac7d000,0x00000000eac80000)
  from space 512K, 58% used [0x00000000eae00000,0x00000000eae4b258,0x00000000eae80000)
  to   space 512K, 0% used [0x00000000ead80000,0x00000000ead80000,0x00000000eae00000)
 ParOldGen       total 614912K, used 614872K [0x00000000c0000000, 0x00000000e5880000, 0x00000000eab00000)
  object space 614912K, 99% used [0x00000000c0000000,0x00000000e5876048,0x00000000e5880000)
 Metaspace       used 67916K, committed 69376K, reserved 1114112K
  class space    used 6927K, committed 7552K, reserved 1048576K
}
Event: 133.200 GC heap after
{Heap after GC invocations=1146 (full 3):
 PSYoungGen      total 2048K, used 224K [0x00000000eab00000, 0x00000000eae80000, 0x0000000100000000)
  eden space 1536K, 0% used [0x00000000eab00000,0x00000000eab00000,0x00000000eac80000)
  from space 512K, 43% used [0x00000000ead80000,0x00000000eadb8000,0x00000000eae00000)
  to   space 512K, 0% used [0x00000000eae00000,0x00000000eae00000,0x00000000eae80000)
 ParOldGen       total 615424K, used 615040K [0x00000000c0000000, 0x00000000e5900000, 0x00000000eab00000)
  object space 615424K, 99% used [0x00000000c0000000,0x00000000e58a0048,0x00000000e5900000)
 Metaspace       used 67916K, committed 69376K, reserved 1114112K
  class space    used 6927K, committed 7552K, reserved 1048576K
}
Event: 133.229 GC heap before
{Heap before GC invocations=1147 (full 3):
 PSYoungGen      total 2048K, used 1760K [0x00000000eab00000, 0x00000000eae80000, 0x0000000100000000)
  eden space 1536K, 100% used [0x00000000eab00000,0x00000000eac80000,0x00000000eac80000)
  from space 512K, 43% used [0x00000000ead80000,0x00000000eadb8000,0x00000000eae00000)
  to   space 512K, 0% used [0x00000000eae00000,0x00000000eae00000,0x00000000eae80000)
 ParOldGen       total 615424K, used 615040K [0x00000000c0000000, 0x00000000e5900000, 0x00000000eab00000)
  object space 615424K, 99% used [0x00000000c0000000,0x00000000e58a0048,0x00000000e5900000)
 Metaspace       used 67916K, committed 69376K, reserved 1114112K
  class space    used 6927K, committed 7552K, reserved 1048576K
}
Event: 133.233 GC heap after
{Heap after GC invocations=1147 (full 3):
 PSYoungGen      total 2048K, used 224K [0x00000000eab00000, 0x00000000eae80000, 0x0000000100000000)
  eden space 1536K, 0% used [0x00000000eab00000,0x00000000eab00000,0x00000000eac80000)
  from space 512K, 43% used [0x00000000eae00000,0x00000000eae38000,0x00000000eae80000)
  to   space 512K, 0% used [0x00000000ead80000,0x00000000ead80000,0x00000000eae00000)
 ParOldGen       total 615424K, used 615216K [0x00000000c0000000, 0x00000000e5900000, 0x00000000eab00000)
  object space 615424K, 99% used [0x00000000c0000000,0x00000000e58cc048,0x00000000e5900000)
 Metaspace       used 67916K, committed 69376K, reserved 1114112K
  class space    used 6927K, committed 7552K, reserved 1048576K
}
Event: 133.263 GC heap before
{Heap before GC invocations=1148 (full 3):
 PSYoungGen      total 2048K, used 1760K [0x00000000eab00000, 0x00000000eae80000, 0x0000000100000000)
  eden space 1536K, 100% used [0x00000000eab00000,0x00000000eac80000,0x00000000eac80000)
  from space 512K, 43% used [0x00000000eae00000,0x00000000eae38000,0x00000000eae80000)
  to   space 512K, 0% used [0x00000000ead80000,0x00000000ead80000,0x00000000eae00000)
 ParOldGen       total 615424K, used 615216K [0x00000000c0000000, 0x00000000e5900000, 0x00000000eab00000)
  object space 615424K, 99% used [0x00000000c0000000,0x00000000e58cc048,0x00000000e5900000)
 Metaspace       used 67916K, committed 69376K, reserved 1114112K
  class space    used 6927K, committed 7552K, reserved 1048576K
}
Event: 133.266 GC heap after
{Heap after GC invocations=1148 (full 3):
 PSYoungGen      total 2048K, used 192K [0x00000000eab00000, 0x00000000eae80000, 0x0000000100000000)
  eden space 1536K, 0% used [0x00000000eab00000,0x00000000eab00000,0x00000000eac80000)
  from space 512K, 37% used [0x00000000ead80000,0x00000000eadb0000,0x00000000eae00000)
  to   space 512K, 0% used [0x00000000eae00000,0x00000000eae00000,0x00000000eae80000)
 ParOldGen       total 615424K, used 615376K [0x00000000c0000000, 0x00000000e5900000, 0x00000000eab00000)
  object space 615424K, 99% used [0x00000000c0000000,0x00000000e58f4048,0x00000000e5900000)
 Metaspace       used 67916K, committed 69376K, reserved 1114112K
  class space    used 6927K, committed 7552K, reserved 1048576K
}
Event: 133.287 GC heap before
{Heap before GC invocations=1149 (full 3):
 PSYoungGen      total 2048K, used 1726K [0x00000000eab00000, 0x00000000eae80000, 0x0000000100000000)
  eden space 1536K, 99% used [0x00000000eab00000,0x00000000eac7fb00,0x00000000eac80000)
  from space 512K, 37% used [0x00000000ead80000,0x00000000eadb0000,0x00000000eae00000)
  to   space 512K, 0% used [0x00000000eae00000,0x00000000eae00000,0x00000000eae80000)
 ParOldGen       total 615424K, used 615376K [0x00000000c0000000, 0x00000000e5900000, 0x00000000eab00000)
  object space 615424K, 99% used [0x00000000c0000000,0x00000000e58f4048,0x00000000e5900000)
 Metaspace       used 67916K, committed 69376K, reserved 1114112K
  class space    used 6927K, committed 7552K, reserved 1048576K
}
Event: 133.292 GC heap after
{Heap after GC invocations=1149 (full 3):
 PSYoungGen      total 2048K, used 256K [0x00000000eab00000, 0x00000000eae80000, 0x0000000100000000)
  eden space 1536K, 0% used [0x00000000eab00000,0x00000000eab00000,0x00000000eac80000)
  from space 512K, 50% used [0x00000000eae00000,0x00000000eae40000,0x00000000eae80000)
  to   space 512K, 0% used [0x00000000ead80000,0x00000000ead80000,0x00000000eae00000)
 ParOldGen       total 615936K, used 615528K [0x00000000c0000000, 0x00000000e5980000, 0x00000000eab00000)
  object space 615936K, 99% used [0x00000000c0000000,0x00000000e591a048,0x00000000e5980000)
 Metaspace       used 67916K, committed 69376K, reserved 1114112K
  class space    used 6927K, committed 7552K, reserved 1048576K
}

